mode: atomic
github.com/smartcontractkit/timelock-worker/pkg/logger/logger.go:23.61,24.19 1 4
github.com/smartcontractkit/timelock-worker/pkg/logger/logger.go:24.19,26.11 1 1
github.com/smartcontractkit/timelock-worker/pkg/logger/logger.go:26.11,28.5 1 1
github.com/smartcontractkit/timelock-worker/pkg/logger/logger.go:31.2,31.15 1 4
github.com/smartcontractkit/timelock-worker/pkg/logger/logger.go:35.64,37.16 2 1
github.com/smartcontractkit/timelock-worker/pkg/logger/logger.go:37.16,40.3 1 0
github.com/smartcontractkit/timelock-worker/pkg/logger/logger.go:42.2,43.16 2 1
github.com/smartcontractkit/timelock-worker/pkg/logger/logger.go:44.15,45.79 1 1
github.com/smartcontractkit/timelock-worker/pkg/logger/logger.go:46.14,47.70 1 0
github.com/smartcontractkit/timelock-worker/pkg/logger/logger.go:48.10,49.79 1 0
github.com/smartcontractkit/timelock-worker/pkg/logger/logger.go:52.2,52.11 1 1
github.com/smartcontractkit/timelock-worker/pkg/cli/config.go:21.40,38.33 7 2
github.com/smartcontractkit/timelock-worker/pkg/cli/config.go:38.33,40.3 1 1
github.com/smartcontractkit/timelock-worker/pkg/cli/config.go:42.2,42.41 1 2
github.com/smartcontractkit/timelock-worker/pkg/cli/config.go:42.41,44.3 1 1
github.com/smartcontractkit/timelock-worker/pkg/cli/config.go:46.2,46.43 1 2
github.com/smartcontractkit/timelock-worker/pkg/cli/config.go:46.43,48.3 1 0
github.com/smartcontractkit/timelock-worker/pkg/cli/config.go:50.2,50.36 1 2
github.com/smartcontractkit/timelock-worker/pkg/cli/config.go:50.36,52.3 1 2
github.com/smartcontractkit/timelock-worker/pkg/cli/config.go:54.2,54.35 1 2
github.com/smartcontractkit/timelock-worker/pkg/cli/config.go:54.35,56.17 2 2
github.com/smartcontractkit/timelock-worker/pkg/cli/config.go:56.17,58.4 1 2
github.com/smartcontractkit/timelock-worker/pkg/cli/config.go:61.2,61.36 1 2
github.com/smartcontractkit/timelock-worker/pkg/cli/config.go:61.36,63.17 2 1
github.com/smartcontractkit/timelock-worker/pkg/cli/config.go:63.17,65.4 1 1
github.com/smartcontractkit/timelock-worker/pkg/cli/config.go:68.2,68.16 1 2
github.com/smartcontractkit/timelock-worker/pkg/timelock/operations.go:19.86,20.41 1 0
github.com/smartcontractkit/timelock-worker/pkg/timelock/operations.go:20.41,24.30 3 0
github.com/smartcontractkit/timelock-worker/pkg/timelock/operations.go:24.30,26.4 1 0
github.com/smartcontractkit/timelock-worker/pkg/timelock/operations.go:26.9,29.66 2 0
github.com/smartcontractkit/timelock-worker/pkg/timelock/operations.go:29.66,31.5 1 0
github.com/smartcontractkit/timelock-worker/pkg/timelock/operations.go:33.8,35.3 1 0
github.com/smartcontractkit/timelock-worker/pkg/timelock/operations.go:39.175,41.16 2 0
github.com/smartcontractkit/timelock-worker/pkg/timelock/operations.go:41.16,43.3 1 0
github.com/smartcontractkit/timelock-worker/pkg/timelock/operations.go:46.2,47.24 2 0
github.com/smartcontractkit/timelock-worker/pkg/timelock/operations.go:47.24,53.3 1 0
github.com/smartcontractkit/timelock-worker/pkg/timelock/operations.go:57.2,65.16 2 0
github.com/smartcontractkit/timelock-worker/pkg/timelock/operations.go:65.16,67.3 1 0
github.com/smartcontractkit/timelock-worker/pkg/timelock/operations.go:69.2,69.16 1 0
github.com/smartcontractkit/timelock-worker/pkg/timelock/operations.go:74.79,76.16 2 2
github.com/smartcontractkit/timelock-worker/pkg/timelock/operations.go:76.16,78.3 1 0
github.com/smartcontractkit/timelock-worker/pkg/timelock/operations.go:80.2,80.13 1 2
github.com/smartcontractkit/timelock-worker/pkg/timelock/operations.go:85.75,87.16 2 2
github.com/smartcontractkit/timelock-worker/pkg/timelock/operations.go:87.16,89.3 1 0
github.com/smartcontractkit/timelock-worker/pkg/timelock/operations.go:91.2,91.16 1 2
github.com/smartcontractkit/timelock-worker/pkg/timelock/operations.go:95.74,97.16 2 2
github.com/smartcontractkit/timelock-worker/pkg/timelock/operations.go:97.16,99.3 1 0
github.com/smartcontractkit/timelock-worker/pkg/timelock/operations.go:101.2,101.15 1 2
github.com/smartcontractkit/timelock-worker/pkg/timelock/operations.go:106.77,108.16 2 2
github.com/smartcontractkit/timelock-worker/pkg/timelock/operations.go:108.16,110.3 1 0
github.com/smartcontractkit/timelock-worker/pkg/timelock/operations.go:112.2,112.18 1 2
github.com/smartcontractkit/timelock-worker/pkg/timelock/operations.go:116.88,117.20 1 0
github.com/smartcontractkit/timelock-worker/pkg/timelock/operations.go:117.20,119.3 1 0
github.com/smartcontractkit/timelock-worker/pkg/timelock/operations.go:121.2,122.16 2 0
github.com/smartcontractkit/timelock-worker/pkg/timelock/operations.go:122.16,124.3 1 0
github.com/smartcontractkit/timelock-worker/pkg/timelock/operations.go:126.2,127.16 2 0
github.com/smartcontractkit/timelock-worker/pkg/timelock/operations.go:127.16,129.3 1 0
github.com/smartcontractkit/timelock-worker/pkg/timelock/operations.go:131.2,131.22 1 0
github.com/smartcontractkit/timelock-worker/pkg/timelock/operations.go:137.80,139.9 2 1
github.com/smartcontractkit/timelock-worker/pkg/timelock/operations.go:139.9,141.3 1 0
github.com/smartcontractkit/timelock-worker/pkg/timelock/operations.go:143.2,143.53 1 1
github.com/smartcontractkit/timelock-worker/pkg/timelock/scheduler.go:30.50,40.2 2 13
github.com/smartcontractkit/timelock-worker/pkg/timelock/scheduler.go:49.53,50.6 1 0
github.com/smartcontractkit/timelock-worker/pkg/timelock/scheduler.go:50.6,51.10 1 0
github.com/smartcontractkit/timelock-worker/pkg/timelock/scheduler.go:52.22,53.26 1 0
github.com/smartcontractkit/timelock-worker/pkg/timelock/scheduler.go:53.26,55.13 2 0
github.com/smartcontractkit/timelock-worker/pkg/timelock/scheduler.go:58.4,58.29 1 0
github.com/smartcontractkit/timelock-worker/pkg/timelock/scheduler.go:58.29,61.33 3 0
github.com/smartcontractkit/timelock-worker/pkg/timelock/scheduler.go:61.33,63.6 1 0
github.com/smartcontractkit/timelock-worker/pkg/timelock/scheduler.go:64.5,64.26 1 0
github.com/smartcontractkit/timelock-worker/pkg/timelock/scheduler.go:65.10,67.5 1 0
github.com/smartcontractkit/timelock-worker/pkg/timelock/scheduler.go:69.23,71.53 2 0
github.com/smartcontractkit/timelock-worker/pkg/timelock/scheduler.go:71.53,73.5 1 0
github.com/smartcontractkit/timelock-worker/pkg/timelock/scheduler.go:74.4,76.60 3 0
github.com/smartcontractkit/timelock-worker/pkg/timelock/scheduler.go:78.23,79.33 1 0
github.com/smartcontractkit/timelock-worker/pkg/timelock/scheduler.go:79.33,84.5 4 0
github.com/smartcontractkit/timelock-worker/pkg/timelock/scheduler.go:90.57,91.11 1 3
github.com/smartcontractkit/timelock-worker/pkg/timelock/scheduler.go:91.11,94.3 2 1
github.com/smartcontractkit/timelock-worker/pkg/timelock/scheduler.go:94.8,96.3 1 2
github.com/smartcontractkit/timelock-worker/pkg/timelock/scheduler.go:100.70,104.2 3 0
github.com/smartcontractkit/timelock-worker/pkg/timelock/scheduler.go:107.53,111.2 3 0
github.com/smartcontractkit/timelock-worker/pkg/timelock/scheduler.go:113.38,118.2 4 2
github.com/smartcontractkit/timelock-worker/pkg/timelock/scheduler.go:120.38,125.2 4 2
github.com/smartcontractkit/timelock-worker/pkg/timelock/scheduler.go:127.42,129.2 1 5
github.com/smartcontractkit/timelock-worker/pkg/timelock/scheduler.go:133.40,134.23 1 0
github.com/smartcontractkit/timelock-worker/pkg/timelock/scheduler.go:134.23,136.17 2 0
github.com/smartcontractkit/timelock-worker/pkg/timelock/scheduler.go:136.17,138.4 1 0
github.com/smartcontractkit/timelock-worker/pkg/timelock/scheduler.go:139.3,145.17 5 0
github.com/smartcontractkit/timelock-worker/pkg/timelock/scheduler.go:145.17,147.4 1 0
github.com/smartcontractkit/timelock-worker/pkg/timelock/scheduler.go:150.3,151.31 2 0
github.com/smartcontractkit/timelock-worker/pkg/timelock/scheduler.go:151.31,153.4 1 0
github.com/smartcontractkit/timelock-worker/pkg/timelock/scheduler.go:154.3,156.31 2 0
github.com/smartcontractkit/timelock-worker/pkg/timelock/scheduler.go:156.31,157.47 1 0
github.com/smartcontractkit/timelock-worker/pkg/timelock/scheduler.go:157.47,160.19 3 0
github.com/smartcontractkit/timelock-worker/pkg/timelock/scheduler.go:160.19,162.6 1 0
github.com/smartcontractkit/timelock-worker/pkg/timelock/scheduler.go:163.10,166.19 3 0
github.com/smartcontractkit/timelock-worker/pkg/timelock/scheduler.go:166.19,168.6 1 0
github.com/smartcontractkit/timelock-worker/pkg/timelock/scheduler.go:172.3,172.12 1 0
github.com/smartcontractkit/timelock-worker/pkg/timelock/timelock.go:49.166,52.16 2 18
github.com/smartcontractkit/timelock-worker/pkg/timelock/timelock.go:52.16,54.3 1 0
github.com/smartcontractkit/timelock-worker/pkg/timelock/timelock.go:56.2,56.47 1 18
github.com/smartcontractkit/timelock-worker/pkg/timelock/timelock.go:56.47,58.3 1 1
github.com/smartcontractkit/timelock-worker/pkg/timelock/timelock.go:60.2,60.43 1 17
github.com/smartcontractkit/timelock-worker/pkg/timelock/timelock.go:60.43,62.3 1 1
github.com/smartcontractkit/timelock-worker/pkg/timelock/timelock.go:64.2,64.44 1 16
github.com/smartcontractkit/timelock-worker/pkg/timelock/timelock.go:64.44,66.3 1 1
github.com/smartcontractkit/timelock-worker/pkg/timelock/timelock.go:68.2,68.21 1 15
github.com/smartcontractkit/timelock-worker/pkg/timelock/timelock.go:68.21,70.3 1 1
github.com/smartcontractkit/timelock-worker/pkg/timelock/timelock.go:72.2,72.47 1 14
github.com/smartcontractkit/timelock-worker/pkg/timelock/timelock.go:72.47,74.3 1 1
github.com/smartcontractkit/timelock-worker/pkg/timelock/timelock.go:76.2,76.57 1 13
github.com/smartcontractkit/timelock-worker/pkg/timelock/timelock.go:76.57,78.3 1 1
github.com/smartcontractkit/timelock-worker/pkg/timelock/timelock.go:81.2,82.16 2 12
github.com/smartcontractkit/timelock-worker/pkg/timelock/timelock.go:82.16,84.3 1 1
github.com/smartcontractkit/timelock-worker/pkg/timelock/timelock.go:86.2,89.16 3 11
github.com/smartcontractkit/timelock-worker/pkg/timelock/timelock.go:89.16,91.3 1 0
github.com/smartcontractkit/timelock-worker/pkg/timelock/timelock.go:95.2,96.16 2 11
github.com/smartcontractkit/timelock-worker/pkg/timelock/timelock.go:96.16,98.3 1 0
github.com/smartcontractkit/timelock-worker/pkg/timelock/timelock.go:102.2,103.16 2 11
github.com/smartcontractkit/timelock-worker/pkg/timelock/timelock.go:103.16,105.3 1 0
github.com/smartcontractkit/timelock-worker/pkg/timelock/timelock.go:107.2,108.16 2 11
github.com/smartcontractkit/timelock-worker/pkg/timelock/timelock.go:108.16,110.3 1 0
github.com/smartcontractkit/timelock-worker/pkg/timelock/timelock.go:112.2,125.21 2 11
github.com/smartcontractkit/timelock-worker/pkg/timelock/timelock.go:130.53,131.34 1 0
github.com/smartcontractkit/timelock-worker/pkg/timelock/timelock.go:131.34,133.3 1 0
github.com/smartcontractkit/timelock-worker/pkg/timelock/timelock.go:135.2,145.12 8 0
github.com/smartcontractkit/timelock-worker/pkg/timelock/timelock.go:145.12,146.7 1 0
github.com/smartcontractkit/timelock-worker/pkg/timelock/timelock.go:146.7,148.4 1 0
github.com/smartcontractkit/timelock-worker/pkg/timelock/timelock.go:152.2,159.16 3 0
github.com/smartcontractkit/timelock-worker/pkg/timelock/timelock.go:159.16,161.3 1 0
github.com/smartcontractkit/timelock-worker/pkg/timelock/timelock.go:164.2,165.16 2 0
github.com/smartcontractkit/timelock-worker/pkg/timelock/timelock.go:165.16,167.3 1 0
github.com/smartcontractkit/timelock-worker/pkg/timelock/timelock.go:169.2,169.12 1 0
github.com/smartcontractkit/timelock-worker/pkg/timelock/timelock.go:169.12,170.28 1 0
github.com/smartcontractkit/timelock-worker/pkg/timelock/timelock.go:170.28,172.4 1 0
github.com/smartcontractkit/timelock-worker/pkg/timelock/timelock.go:179.2,181.12 3 0
github.com/smartcontractkit/timelock-worker/pkg/timelock/timelock.go:181.12,182.12 1 0
github.com/smartcontractkit/timelock-worker/pkg/timelock/timelock.go:182.12,183.11 1 0
github.com/smartcontractkit/timelock-worker/pkg/timelock/timelock.go:184.24,187.19 2 0
github.com/smartcontractkit/timelock-worker/pkg/timelock/timelock.go:187.19,188.14 1 0
github.com/smartcontractkit/timelock-worker/pkg/timelock/timelock.go:191.5,191.21 1 0
github.com/smartcontractkit/timelock-worker/pkg/timelock/timelock.go:191.21,192.14 1 0
github.com/smartcontractkit/timelock-worker/pkg/timelock/timelock.go:195.5,195.23 1 0
github.com/smartcontractkit/timelock-worker/pkg/timelock/timelock.go:198.29,200.20 2 0
github.com/smartcontractkit/timelock-worker/pkg/timelock/timelock.go:200.20,201.15 1 0
github.com/smartcontractkit/timelock-worker/pkg/timelock/timelock.go:204.6,204.82 1 0
github.com/smartcontractkit/timelock-worker/pkg/timelock/timelock.go:204.82,207.7 2 0
github.com/smartcontractkit/timelock-worker/pkg/timelock/timelock.go:210.28,212.20 2 0
github.com/smartcontractkit/timelock-worker/pkg/timelock/timelock.go:212.20,213.15 1 0
github.com/smartcontractkit/timelock-worker/pkg/timelock/timelock.go:216.6,216.41 1 0
github.com/smartcontractkit/timelock-worker/pkg/timelock/timelock.go:216.41,219.7 2 0
github.com/smartcontractkit/timelock-worker/pkg/timelock/timelock.go:222.25,224.20 2 0
github.com/smartcontractkit/timelock-worker/pkg/timelock/timelock.go:224.20,225.15 1 0
github.com/smartcontractkit/timelock-worker/pkg/timelock/timelock.go:228.6,228.41 1 0
github.com/smartcontractkit/timelock-worker/pkg/timelock/timelock.go:228.41,231.7 2 0
github.com/smartcontractkit/timelock-worker/pkg/timelock/timelock.go:234.28,237.19 1 0
github.com/smartcontractkit/timelock-worker/pkg/timelock/timelock.go:237.19,240.6 2 0
github.com/smartcontractkit/timelock-worker/pkg/timelock/timelock.go:242.28,244.17 2 0
github.com/smartcontractkit/timelock-worker/pkg/timelock/timelock.go:247.3,247.12 1 0
github.com/smartcontractkit/timelock-worker/pkg/timelock/timelock.go:249.2,261.12 8 0
github.com/smartcontractkit/timelock-worker/pkg/timelock/timelock.go:265.59,266.16 1 2
github.com/smartcontractkit/timelock-worker/pkg/timelock/timelock.go:267.22,268.36 1 1
github.com/smartcontractkit/timelock-worker/pkg/timelock/timelock.go:269.23,270.37 1 1
github.com/smartcontractkit/timelock-worker/pkg/timelock/timelock.go:274.30,279.16 4 1
github.com/smartcontractkit/timelock-worker/pkg/timelock/timelock.go:279.16,281.3 1 0
github.com/smartcontractkit/timelock-worker/pkg/timelock/timelock.go:282.2,285.102 3 1
